{"level":"info","message":"Server running on port 3002","service":"book-service","timestamp":"2025-08-17T18:28:32.738Z"}
{"level":"info","message":"Server running on port 3002","service":"book-service","timestamp":"2025-08-17T18:28:57.362Z"}
{"level":"info","message":"Database connected successfully","service":"book-service","timestamp":"2025-08-17T18:29:05.053Z"}
{"level":"info","message":"Received POST request to /api/books/create-book","service":"book-service","timestamp":"2025-08-17T18:33:46.766Z"}
{"level":"info","message":"Request Body {\"title\":\"A book 1\",\"caption\":\"a book with the best book\",\"rating\":3}","service":"book-service","timestamp":"2025-08-17T18:33:46.768Z"}
{"level":"error","message":"ReferenceError: logger is not defined\n    at authRequest (C:\\Users\\USER\\Desktop\\New Project\\mobile\\book-worm\\book-service\\src\\middleware\\authMiddleware.js:2:3)\n    at Layer.handleRequest (C:\\Users\\USER\\Desktop\\New Project\\mobile\\book-worm\\book-service\\node_modules\\router\\lib\\layer.js:152:17)\n    at next (C:\\Users\\USER\\Desktop\\New Project\\mobile\\book-worm\\book-service\\node_modules\\router\\lib\\route.js:157:13)\n    at Route.dispatch (C:\\Users\\USER\\Desktop\\New Project\\mobile\\book-worm\\book-service\\node_modules\\router\\lib\\route.js:117:3)\n    at handle (C:\\Users\\USER\\Desktop\\New Project\\mobile\\book-worm\\book-service\\node_modules\\router\\index.js:435:11)\n    at Layer.handleRequest (C:\\Users\\USER\\Desktop\\New Project\\mobile\\book-worm\\book-service\\node_modules\\router\\lib\\layer.js:152:17)\n    at C:\\Users\\USER\\Desktop\\New Project\\mobile\\book-worm\\book-service\\node_modules\\router\\index.js:295:15\n    at processParams (C:\\Users\\USER\\Desktop\\New Project\\mobile\\book-worm\\book-service\\node_modules\\router\\index.js:582:12)\n    at next (C:\\Users\\USER\\Desktop\\New Project\\mobile\\book-worm\\book-service\\node_modules\\router\\index.js:291:5)\n    at Function.handle (C:\\Users\\USER\\Desktop\\New Project\\mobile\\book-worm\\book-service\\node_modules\\router\\index.js:186:3)","service":"book-service","timestamp":"2025-08-17T18:33:46.775Z"}
{"level":"info","message":"Server running on port 3002","service":"book-service","timestamp":"2025-08-17T18:34:40.212Z"}
{"level":"info","message":"Database connected successfully","service":"book-service","timestamp":"2025-08-17T18:34:43.184Z"}
{"level":"info","message":"Server running on port 3002","service":"book-service","timestamp":"2025-08-17T18:35:15.503Z"}
{"level":"info","message":"Database connected successfully","service":"book-service","timestamp":"2025-08-17T18:35:20.664Z"}
{"level":"info","message":"Server running on port 3002","service":"book-service","timestamp":"2025-08-17T18:35:34.182Z"}
{"level":"info","message":"Database connected successfully","service":"book-service","timestamp":"2025-08-17T18:35:36.808Z"}
{"level":"info","message":"Received POST request to /api/books/create-book","service":"book-service","timestamp":"2025-08-17T18:35:43.289Z"}
{"level":"info","message":"Request Body {\"title\":\"A book 1\",\"caption\":\"a book with the best book\",\"rating\":3}","service":"book-service","timestamp":"2025-08-17T18:35:43.290Z"}
{"level":"warn","message":"Started with the authentication","service":"book-service","timestamp":"2025-08-17T18:35:43.294Z"}
{"level":"error","message":"PayloadTooLargeError: request entity too large\n    at readStream (C:\\Users\\USER\\Desktop\\New Project\\mobile\\book-worm\\book-service\\node_modules\\raw-body\\index.js:163:17)\n    at getRawBody (C:\\Users\\USER\\Desktop\\New Project\\mobile\\book-worm\\book-service\\node_modules\\raw-body\\index.js:116:12)\n    at read (C:\\Users\\USER\\Desktop\\New Project\\mobile\\book-worm\\book-service\\node_modules\\body-parser\\lib\\read.js:74:3)\n    at jsonParser (C:\\Users\\USER\\Desktop\\New Project\\mobile\\book-worm\\book-service\\node_modules\\body-parser\\lib\\types\\json.js:125:5)\n    at Layer.handleRequest (C:\\Users\\USER\\Desktop\\New Project\\mobile\\book-worm\\book-service\\node_modules\\router\\lib\\layer.js:152:17)\n    at trimPrefix (C:\\Users\\USER\\Desktop\\New Project\\mobile\\book-worm\\book-service\\node_modules\\router\\index.js:342:13)\n    at C:\\Users\\USER\\Desktop\\New Project\\mobile\\book-worm\\book-service\\node_modules\\router\\index.js:297:9\n    at processParams (C:\\Users\\USER\\Desktop\\New Project\\mobile\\book-worm\\book-service\\node_modules\\router\\index.js:582:12)\n    at next (C:\\Users\\USER\\Desktop\\New Project\\mobile\\book-worm\\book-service\\node_modules\\router\\index.js:291:5)\n    at Function.handle (C:\\Users\\USER\\Desktop\\New Project\\mobile\\book-worm\\book-service\\node_modules\\router\\index.js:186:3)","service":"book-service","timestamp":"2025-08-17T18:36:18.949Z"}
{"level":"error","message":"PayloadTooLargeError: request entity too large\n    at readStream (C:\\Users\\USER\\Desktop\\New Project\\mobile\\book-worm\\book-service\\node_modules\\raw-body\\index.js:163:17)\n    at getRawBody (C:\\Users\\USER\\Desktop\\New Project\\mobile\\book-worm\\book-service\\node_modules\\raw-body\\index.js:116:12)\n    at read (C:\\Users\\USER\\Desktop\\New Project\\mobile\\book-worm\\book-service\\node_modules\\body-parser\\lib\\read.js:74:3)\n    at jsonParser (C:\\Users\\USER\\Desktop\\New Project\\mobile\\book-worm\\book-service\\node_modules\\body-parser\\lib\\types\\json.js:125:5)\n    at Layer.handleRequest (C:\\Users\\USER\\Desktop\\New Project\\mobile\\book-worm\\book-service\\node_modules\\router\\lib\\layer.js:152:17)\n    at trimPrefix (C:\\Users\\USER\\Desktop\\New Project\\mobile\\book-worm\\book-service\\node_modules\\router\\index.js:342:13)\n    at C:\\Users\\USER\\Desktop\\New Project\\mobile\\book-worm\\book-service\\node_modules\\router\\index.js:297:9\n    at processParams (C:\\Users\\USER\\Desktop\\New Project\\mobile\\book-worm\\book-service\\node_modules\\router\\index.js:582:12)\n    at next (C:\\Users\\USER\\Desktop\\New Project\\mobile\\book-worm\\book-service\\node_modules\\router\\index.js:291:5)\n    at Function.handle (C:\\Users\\USER\\Desktop\\New Project\\mobile\\book-worm\\book-service\\node_modules\\router\\index.js:186:3)","service":"book-service","timestamp":"2025-08-17T18:40:18.470Z"}
{"level":"info","message":"Server running on port 3002","service":"book-service","timestamp":"2025-08-17T18:42:28.772Z"}
{"level":"info","message":"Database connected successfully","service":"book-service","timestamp":"2025-08-17T18:42:31.219Z"}
{"level":"error","message":"SyntaxError: Unexpected token '-', \"----------\"... is not valid JSON\n    at JSON.parse (<anonymous>)\n    at createStrictSyntaxError (C:\\Users\\USER\\Desktop\\New Project\\mobile\\book-worm\\book-service\\node_modules\\body-parser\\lib\\types\\json.js:156:10)\n    at parse (C:\\Users\\USER\\Desktop\\New Project\\mobile\\book-worm\\book-service\\node_modules\\body-parser\\lib\\types\\json.js:71:15)\n    at C:\\Users\\USER\\Desktop\\New Project\\mobile\\book-worm\\book-service\\node_modules\\body-parser\\lib\\read.js:123:18\n    at AsyncResource.runInAsyncScope (node:async_hooks:211:14)\n    at invokeCallback (C:\\Users\\USER\\Desktop\\New Project\\mobile\\book-worm\\book-service\\node_modules\\raw-body\\index.js:238:16)\n    at done (C:\\Users\\USER\\Desktop\\New Project\\mobile\\book-worm\\book-service\\node_modules\\raw-body\\index.js:227:7)\n    at IncomingMessage.onEnd (C:\\Users\\USER\\Desktop\\New Project\\mobile\\book-worm\\book-service\\node_modules\\raw-body\\index.js:287:7)\n    at IncomingMessage.emit (node:events:518:28)\n    at endReadableNT (node:internal/streams/readable:1698:12)","service":"book-service","timestamp":"2025-08-17T18:42:35.107Z"}
{"level":"error","message":"SyntaxError: Unexpected token '-', \"----------\"... is not valid JSON\n    at JSON.parse (<anonymous>)\n    at createStrictSyntaxError (C:\\Users\\USER\\Desktop\\New Project\\mobile\\book-worm\\book-service\\node_modules\\body-parser\\lib\\types\\json.js:156:10)\n    at parse (C:\\Users\\USER\\Desktop\\New Project\\mobile\\book-worm\\book-service\\node_modules\\body-parser\\lib\\types\\json.js:71:15)\n    at C:\\Users\\USER\\Desktop\\New Project\\mobile\\book-worm\\book-service\\node_modules\\body-parser\\lib\\read.js:123:18\n    at AsyncResource.runInAsyncScope (node:async_hooks:211:14)\n    at invokeCallback (C:\\Users\\USER\\Desktop\\New Project\\mobile\\book-worm\\book-service\\node_modules\\raw-body\\index.js:238:16)\n    at done (C:\\Users\\USER\\Desktop\\New Project\\mobile\\book-worm\\book-service\\node_modules\\raw-body\\index.js:227:7)\n    at IncomingMessage.onEnd (C:\\Users\\USER\\Desktop\\New Project\\mobile\\book-worm\\book-service\\node_modules\\raw-body\\index.js:287:7)\n    at IncomingMessage.emit (node:events:518:28)\n    at endReadableNT (node:internal/streams/readable:1698:12)","service":"book-service","timestamp":"2025-08-17T18:43:21.627Z"}
{"level":"info","message":"Server running on port 3002","service":"book-service","timestamp":"2025-08-17T18:44:16.022Z"}
{"level":"info","message":"Database connected successfully","service":"book-service","timestamp":"2025-08-17T18:44:19.688Z"}
{"level":"info","message":"Server running on port 3002","service":"book-service","timestamp":"2025-08-17T18:44:30.365Z"}
{"level":"info","message":"Database connected successfully","service":"book-service","timestamp":"2025-08-17T18:44:33.298Z"}
{"level":"error","message":"SyntaxError: Unexpected token '-', \"----------\"... is not valid JSON\n    at JSON.parse (<anonymous>)\n    at createStrictSyntaxError (C:\\Users\\USER\\Desktop\\New Project\\mobile\\book-worm\\book-service\\node_modules\\body-parser\\lib\\types\\json.js:156:10)\n    at parse (C:\\Users\\USER\\Desktop\\New Project\\mobile\\book-worm\\book-service\\node_modules\\body-parser\\lib\\types\\json.js:71:15)\n    at C:\\Users\\USER\\Desktop\\New Project\\mobile\\book-worm\\book-service\\node_modules\\body-parser\\lib\\read.js:123:18\n    at AsyncResource.runInAsyncScope (node:async_hooks:211:14)\n    at invokeCallback (C:\\Users\\USER\\Desktop\\New Project\\mobile\\book-worm\\book-service\\node_modules\\raw-body\\index.js:238:16)\n    at done (C:\\Users\\USER\\Desktop\\New Project\\mobile\\book-worm\\book-service\\node_modules\\raw-body\\index.js:227:7)\n    at IncomingMessage.onEnd (C:\\Users\\USER\\Desktop\\New Project\\mobile\\book-worm\\book-service\\node_modules\\raw-body\\index.js:287:7)\n    at IncomingMessage.emit (node:events:518:28)\n    at endReadableNT (node:internal/streams/readable:1698:12)","service":"book-service","timestamp":"2025-08-17T18:44:46.729Z"}
{"level":"info","message":"Server running on port 3002","service":"book-service","timestamp":"2025-08-17T18:46:24.964Z"}
{"level":"info","message":"Database connected successfully","service":"book-service","timestamp":"2025-08-17T18:46:29.403Z"}
{"level":"error","message":"SyntaxError: Unexpected token '-', \"----------\"... is not valid JSON\n    at JSON.parse (<anonymous>)\n    at createStrictSyntaxError (C:\\Users\\USER\\Desktop\\New Project\\mobile\\book-worm\\book-service\\node_modules\\body-parser\\lib\\types\\json.js:156:10)\n    at parse (C:\\Users\\USER\\Desktop\\New Project\\mobile\\book-worm\\book-service\\node_modules\\body-parser\\lib\\types\\json.js:71:15)\n    at C:\\Users\\USER\\Desktop\\New Project\\mobile\\book-worm\\book-service\\node_modules\\body-parser\\lib\\read.js:123:18\n    at AsyncResource.runInAsyncScope (node:async_hooks:211:14)\n    at invokeCallback (C:\\Users\\USER\\Desktop\\New Project\\mobile\\book-worm\\book-service\\node_modules\\raw-body\\index.js:238:16)\n    at done (C:\\Users\\USER\\Desktop\\New Project\\mobile\\book-worm\\book-service\\node_modules\\raw-body\\index.js:227:7)\n    at IncomingMessage.onEnd (C:\\Users\\USER\\Desktop\\New Project\\mobile\\book-worm\\book-service\\node_modules\\raw-body\\index.js:287:7)\n    at IncomingMessage.emit (node:events:518:28)\n    at endReadableNT (node:internal/streams/readable:1698:12)","service":"book-service","timestamp":"2025-08-17T18:47:22.036Z"}
{"level":"info","message":"Server running on port 3002","service":"book-service","timestamp":"2025-08-17T18:49:19.208Z"}
{"level":"info","message":"Database connected successfully","service":"book-service","timestamp":"2025-08-17T18:49:22.469Z"}
{"level":"info","message":"Received POST request to /api/books/create-book","service":"book-service","timestamp":"2025-08-17T18:50:44.516Z"}
{"level":"warn","message":"Started with the authentication","service":"book-service","timestamp":"2025-08-17T18:50:44.519Z"}
{"level":"info","message":"Server running on port 3002","service":"book-service","timestamp":"2025-08-17T18:51:18.647Z"}
{"level":"info","message":"Database connected successfully","service":"book-service","timestamp":"2025-08-17T18:51:21.869Z"}
{"level":"info","message":"Received POST request to /api/books/create-book","service":"book-service","timestamp":"2025-08-17T18:51:25.949Z"}
{"level":"warn","message":"Started with the authentication","service":"book-service","timestamp":"2025-08-17T18:51:25.954Z"}
{"level":"info","message":"Received POST request to /api/books/create-book","service":"book-service","timestamp":"2025-08-17T18:53:53.136Z"}
{"level":"warn","message":"Started with the authentication","service":"book-service","timestamp":"2025-08-17T18:53:53.140Z"}
{"level":"info","message":"Received POST request to /api/books/create-book","service":"book-service","timestamp":"2025-08-17T18:54:24.244Z"}
{"level":"warn","message":"Started with the authentication","service":"book-service","timestamp":"2025-08-17T18:54:24.246Z"}
{"level":"info","message":"Received POST request to /api/books/create-book","service":"book-service","timestamp":"2025-08-17T18:59:05.671Z"}
{"level":"warn","message":"Started with the authentication","service":"book-service","timestamp":"2025-08-17T18:59:05.674Z"}
{"level":"error","message":"Multer error while uploading MulterError: Unexpected field","service":"book-service","timestamp":"2025-08-17T18:59:05.688Z"}
{"level":"info","message":"Server running on port 3002","service":"book-service","timestamp":"2025-08-17T18:59:49.917Z"}
{"level":"info","message":"Database connected successfully","service":"book-service","timestamp":"2025-08-17T18:59:52.538Z"}
{"level":"info","message":"Received POST request to /api/books/create-book","service":"book-service","timestamp":"2025-08-17T18:59:54.336Z"}
{"level":"warn","message":"Started with the authentication","service":"book-service","timestamp":"2025-08-17T18:59:54.339Z"}
{"level":"info","message":"Hit the create post endpoint","service":"book-service","timestamp":"2025-08-17T18:59:54.386Z"}
{"level":"info","message":"\"caption\" is required","service":"book-service","timestamp":"2025-08-17T18:59:54.417Z"}
{"level":"info","message":"Received POST request to /api/books/create-book","service":"book-service","timestamp":"2025-08-17T19:00:08.039Z"}
{"level":"warn","message":"Started with the authentication","service":"book-service","timestamp":"2025-08-17T19:00:08.045Z"}
{"level":"info","message":"Hit the create post endpoint","service":"book-service","timestamp":"2025-08-17T19:00:08.060Z"}
{"level":"info","message":"File uploaded successfully with publicId: jw5ugbwsaicg0ikttxms","service":"book-service","timestamp":"2025-08-17T19:00:11.517Z"}
{"level":"info","message":"Book saved successfully","service":"book-service","timestamp":"2025-08-17T19:00:11.870Z"}
{"level":"info","message":"Server running on port 3002","service":"book-service","timestamp":"2025-08-17T19:03:04.293Z"}
{"level":"info","message":"Database connected successfully","service":"book-service","timestamp":"2025-08-17T19:03:07.791Z"}
{"level":"info","message":"Received POST request to /api/books/create-book","service":"book-service","timestamp":"2025-08-17T19:03:35.886Z"}
{"level":"warn","message":"Started with the authentication","service":"book-service","timestamp":"2025-08-17T19:03:35.889Z"}
{"level":"info","message":"Hit the create post endpoint","service":"book-service","timestamp":"2025-08-17T19:03:35.900Z"}
{"level":"info","message":"File uploaded successfully with publicId: vylzijc7dac2pyri7yov","service":"book-service","timestamp":"2025-08-17T19:03:39.844Z"}
{"level":"info","message":"Book saved successfully","service":"book-service","timestamp":"2025-08-17T19:03:40.157Z"}
{"level":"info","message":"Server running on port 3002","service":"book-service","timestamp":"2025-08-17T19:12:20.127Z"}
{"level":"info","message":"Database connected successfully","service":"book-service","timestamp":"2025-08-17T19:12:24.027Z"}
{"level":"info","message":"Received POST request to /api/books/create-book","service":"book-service","timestamp":"2025-08-17T19:12:28.013Z"}
{"level":"warn","message":"Started with the authentication","service":"book-service","timestamp":"2025-08-17T19:12:28.017Z"}
{"level":"info","message":"Hit the create post endpoint","service":"book-service","timestamp":"2025-08-17T19:12:28.067Z"}
{"level":"info","message":"File uploaded successfully with publicId: qx0j1bwlqwilohskjwz8","service":"book-service","timestamp":"2025-08-17T19:12:32.838Z"}
{"level":"info","message":"Book saved successfully","service":"book-service","timestamp":"2025-08-17T19:12:33.245Z"}
{"level":"info","message":"Received POST request to /api/books/create-book","service":"book-service","timestamp":"2025-08-17T19:16:25.392Z"}
{"level":"warn","message":"Started with the authentication","service":"book-service","timestamp":"2025-08-17T19:16:25.396Z"}
{"level":"info","message":"Hit the create post endpoint","service":"book-service","timestamp":"2025-08-17T19:16:25.422Z"}
{"level":"info","message":"File uploaded successfully with publicId: utqcbb1iqqa5vbpufmsh","service":"book-service","timestamp":"2025-08-17T19:16:29.374Z"}
{"level":"info","message":"Book saved successfully","service":"book-service","timestamp":"2025-08-17T19:16:29.553Z"}
{"level":"info","message":"Server running on port 3002","service":"book-service","timestamp":"2025-08-17T19:22:01.118Z"}
{"level":"info","message":"Server running on port 3002","service":"book-service","timestamp":"2025-08-17T23:01:17.906Z"}
{"level":"error","message":"Error occurred while connecting to the database Error: querySrv ECONNREFUSED _mongodb._tcp.cluster0.e4sih4m.mongodb.net","service":"book-service","timestamp":"2025-08-17T23:01:17.934Z"}
{"level":"info","message":"Server running on port 3002","service":"book-service","timestamp":"2025-08-17T23:01:49.516Z"}
{"level":"info","message":"Database connected successfully","service":"book-service","timestamp":"2025-08-17T23:01:54.128Z"}
{"level":"info","message":"Received GET request to /api/books/get-books","service":"book-service","timestamp":"2025-08-17T23:03:43.079Z"}
{"level":"info","message":"Get all book endpoint hit!","service":"book-service","timestamp":"2025-08-17T23:03:43.082Z"}
{"level":"info","message":"Books found successfully","service":"book-service","timestamp":"2025-08-17T23:03:43.368Z"}
{"level":"info","message":"Received GET request to /api/books/get-books","service":"book-service","timestamp":"2025-08-17T23:03:56.387Z"}
{"level":"info","message":"Get all book endpoint hit!","service":"book-service","timestamp":"2025-08-17T23:03:56.389Z"}
{"level":"info","message":"Server running on port 3002","service":"book-service","timestamp":"2025-08-17T23:06:06.781Z"}
{"level":"info","message":"Database connected successfully","service":"book-service","timestamp":"2025-08-17T23:06:09.997Z"}
{"level":"info","message":"Received GET request to /api/books/get-books","service":"book-service","timestamp":"2025-08-17T23:06:12.476Z"}
{"level":"info","message":"Get all book endpoint hit!","service":"book-service","timestamp":"2025-08-17T23:06:12.478Z"}
{"level":"info","message":"Received GET request to /api/books/get-books","service":"book-service","timestamp":"2025-08-17T23:06:22.599Z"}
{"level":"info","message":"Get all book endpoint hit!","service":"book-service","timestamp":"2025-08-17T23:06:22.604Z"}
{"level":"info","message":"Server running on port 3002","service":"book-service","timestamp":"2025-08-17T23:06:34.107Z"}
{"level":"info","message":"Received GET request to /api/books/get-books","service":"book-service","timestamp":"2025-08-17T23:06:34.837Z"}
{"level":"info","message":"Get all book endpoint hit!","service":"book-service","timestamp":"2025-08-17T23:06:34.841Z"}
{"level":"info","message":"Database connected successfully","service":"book-service","timestamp":"2025-08-17T23:06:36.721Z"}
{"level":"info","message":"Books found successfully","service":"book-service","timestamp":"2025-08-17T23:06:37.050Z"}
{"level":"info","message":"Server running on port 3002","service":"book-service","timestamp":"2025-08-17T23:06:54.358Z"}
{"level":"info","message":"Database connected successfully","service":"book-service","timestamp":"2025-08-17T23:06:57.100Z"}
{"level":"info","message":"Received GET request to /api/books/get-books","service":"book-service","timestamp":"2025-08-17T23:07:04.377Z"}
{"level":"info","message":"Get all book endpoint hit!","service":"book-service","timestamp":"2025-08-17T23:07:04.379Z"}
{"level":"info","message":"Received GET request to /api/books/get-books","service":"book-service","timestamp":"2025-08-17T23:07:08.991Z"}
{"level":"info","message":"Get all book endpoint hit!","service":"book-service","timestamp":"2025-08-17T23:07:08.999Z"}
{"level":"info","message":"Received GET request to /api/books/get-books","service":"book-service","timestamp":"2025-08-17T23:07:11.888Z"}
{"level":"info","message":"Get all book endpoint hit!","service":"book-service","timestamp":"2025-08-17T23:07:11.895Z"}
{"level":"info","message":"Received GET request to /api/books/get-books","service":"book-service","timestamp":"2025-08-17T23:07:14.576Z"}
{"level":"info","message":"Get all book endpoint hit!","service":"book-service","timestamp":"2025-08-17T23:07:14.582Z"}
{"level":"info","message":"Received GET request to /api/books/get-books","service":"book-service","timestamp":"2025-08-17T23:07:24.570Z"}
{"level":"info","message":"Get all book endpoint hit!","service":"book-service","timestamp":"2025-08-17T23:07:24.618Z"}
{"level":"info","message":"Received GET request to /api/books/get-books","service":"book-service","timestamp":"2025-08-17T23:07:27.964Z"}
{"level":"info","message":"Get all book endpoint hit!","service":"book-service","timestamp":"2025-08-17T23:07:27.971Z"}
{"level":"info","message":"Server running on port 3002","service":"book-service","timestamp":"2025-08-17T23:10:30.211Z"}
{"level":"info","message":"Server running on port 3002","service":"book-service","timestamp":"2025-08-17T23:15:43.001Z"}
{"level":"info","message":"Database connected successfully","service":"book-service","timestamp":"2025-08-17T23:15:46.167Z"}
{"level":"info","message":"Received POST request to /api/books/create-book","service":"book-service","timestamp":"2025-08-17T23:17:16.335Z"}
{"level":"warn","message":"Started with the authentication","service":"book-service","timestamp":"2025-08-17T23:17:16.338Z"}
{"level":"info","message":"Hit the create post endpoint","service":"book-service","timestamp":"2025-08-17T23:17:16.363Z"}
{"level":"info","message":"File uploaded successfully with publicId: u21zeqjuuenkpiqkiaef","service":"book-service","timestamp":"2025-08-17T23:17:22.042Z"}
{"level":"info","message":"Book saved successfully","service":"book-service","timestamp":"2025-08-17T23:17:22.403Z"}
{"level":"error","message":"Error occurred while creating book Error [ERR_HTTP_HEADERS_SENT]: Cannot set headers after they are sent to the client","service":"book-service","timestamp":"2025-08-17T23:17:22.414Z"}
{"level":"error","message":"Error [ERR_HTTP_HEADERS_SENT]: Cannot set headers after they are sent to the client\n    at ServerResponse.setHeader (node:_http_outgoing:699:11)\n    at ServerResponse.header (C:\\Users\\USER\\Desktop\\New Project\\mobile\\book-worm\\book-service\\node_modules\\express\\lib\\response.js:684:10)\n    at ServerResponse.send (C:\\Users\\USER\\Desktop\\New Project\\mobile\\book-worm\\book-service\\node_modules\\express\\lib\\response.js:161:12)\n    at ServerResponse.json (C:\\Users\\USER\\Desktop\\New Project\\mobile\\book-worm\\book-service\\node_modules\\express\\lib\\response.js:250:15)\n    at createBook (C:\\Users\\USER\\Desktop\\New Project\\mobile\\book-worm\\book-service\\src\\controller\\book-controller.js:79:28)\n    at process.processTicksAndRejections (node:internal/process/task_queues:105:5)","service":"book-service","timestamp":"2025-08-17T23:17:22.480Z"}
{"level":"info","message":"Server running on port 3002","service":"book-service","timestamp":"2025-08-17T23:17:46.373Z"}
{"level":"info","message":"Database connected successfully","service":"book-service","timestamp":"2025-08-17T23:17:48.963Z"}
{"level":"info","message":"Received GET request to /api/books/get-books","service":"book-service","timestamp":"2025-08-17T23:17:54.086Z"}
{"level":"info","message":"Get all book endpoint hit!","service":"book-service","timestamp":"2025-08-17T23:17:54.129Z"}
{"level":"info","message":"Books found successfully","service":"book-service","timestamp":"2025-08-17T23:17:54.533Z"}
{"level":"info","message":"Received GET request to /api/books/get-books","service":"book-service","timestamp":"2025-08-17T23:18:06.966Z"}
{"level":"info","message":"Get all book endpoint hit!","service":"book-service","timestamp":"2025-08-17T23:18:06.976Z"}
{"level":"info","message":"Received GET request to /api/books/get-books","service":"book-service","timestamp":"2025-08-17T23:18:10.786Z"}
{"level":"info","message":"Get all book endpoint hit!","service":"book-service","timestamp":"2025-08-17T23:18:10.788Z"}
{"level":"info","message":"Received GET request to /api/books/get-books","service":"book-service","timestamp":"2025-08-17T23:18:12.855Z"}
{"level":"info","message":"Get all book endpoint hit!","service":"book-service","timestamp":"2025-08-17T23:18:12.858Z"}
{"level":"info","message":"Received GET request to /api/books/get-books","service":"book-service","timestamp":"2025-08-17T23:18:14.762Z"}
{"level":"info","message":"Get all book endpoint hit!","service":"book-service","timestamp":"2025-08-17T23:18:14.764Z"}
{"level":"info","message":"Received GET request to /api/books/get-books","service":"book-service","timestamp":"2025-08-17T23:18:17.219Z"}
{"level":"info","message":"Get all book endpoint hit!","service":"book-service","timestamp":"2025-08-17T23:18:17.222Z"}
{"level":"info","message":"Received GET request to /api/books/get-books","service":"book-service","timestamp":"2025-08-17T23:18:19.553Z"}
{"level":"info","message":"Get all book endpoint hit!","service":"book-service","timestamp":"2025-08-17T23:18:19.554Z"}
{"level":"info","message":"Received POST request to /api/books/create-book","service":"book-service","timestamp":"2025-08-17T23:18:48.746Z"}
{"level":"warn","message":"Started with the authentication","service":"book-service","timestamp":"2025-08-17T23:18:48.747Z"}
{"level":"info","message":"Hit the create post endpoint","service":"book-service","timestamp":"2025-08-17T23:18:48.765Z"}
{"level":"info","message":"File uploaded successfully with publicId: uakgggl3opcmm0dbi9yr","service":"book-service","timestamp":"2025-08-17T23:18:53.626Z"}
{"level":"info","message":"Book saved successfully","service":"book-service","timestamp":"2025-08-17T23:18:54.004Z"}
{"level":"info","message":"Received GET request to /api/books/get-books","service":"book-service","timestamp":"2025-08-17T23:19:03.783Z"}
{"level":"info","message":"Get all book endpoint hit!","service":"book-service","timestamp":"2025-08-17T23:19:03.784Z"}
{"level":"info","message":"Books found successfully","service":"book-service","timestamp":"2025-08-17T23:19:04.018Z"}
{"level":"info","message":"Server running on port 3002","service":"book-service","timestamp":"2025-08-17T23:38:51.677Z"}
{"level":"info","message":"Database connected successfully","service":"book-service","timestamp":"2025-08-17T23:38:54.206Z"}
{"level":"info","message":"Connected to RabbitMQ","service":"book-service","timestamp":"2025-08-18T19:03:10.092Z"}
{"level":"info","message":"Waiting for messages with routing key book.deleted","service":"book-service","timestamp":"2025-08-18T19:03:10.109Z"}
{"level":"info","message":"Server running on port 3002","service":"book-service","timestamp":"2025-08-18T19:03:10.116Z"}
{"level":"info","message":"Database connected successfully","service":"book-service","timestamp":"2025-08-18T19:03:12.359Z"}
{"level":"info","message":"Received POST request to /api/books/create-book","service":"book-service","timestamp":"2025-08-18T19:04:33.854Z"}
{"level":"warn","message":"Started with the authentication","service":"book-service","timestamp":"2025-08-18T19:04:33.856Z"}
{"level":"info","message":"Hit the create post endpoint","service":"book-service","timestamp":"2025-08-18T19:04:33.872Z"}
{"level":"info","message":"File uploaded successfully with publicId: mhjxqsaagfg7y55z7j2z","service":"book-service","timestamp":"2025-08-18T19:04:48.043Z"}
{"level":"info","message":"Book saved successfully","service":"book-service","timestamp":"2025-08-18T19:04:48.259Z"}
{"level":"info","message":"Received GET request to /api/books/get-books","service":"book-service","timestamp":"2025-08-18T19:05:00.746Z"}
{"level":"info","message":"Get all book endpoint hit!","service":"book-service","timestamp":"2025-08-18T19:05:00.747Z"}
{"level":"info","message":"Books found successfully","service":"book-service","timestamp":"2025-08-18T19:05:01.181Z"}
{"level":"info","message":"Connected to RabbitMQ","service":"book-service","timestamp":"2025-08-18T19:06:01.672Z"}
{"level":"info","message":"Waiting for messages with routing key book.deleted","service":"book-service","timestamp":"2025-08-18T19:06:01.694Z"}
{"level":"info","message":"Server running on port 3002","service":"book-service","timestamp":"2025-08-18T19:06:01.699Z"}
{"level":"info","message":"Database connected successfully","service":"book-service","timestamp":"2025-08-18T19:06:04.921Z"}
{"level":"info","message":"Received GET request to /api/books/get-book","service":"book-service","timestamp":"2025-08-18T19:06:25.053Z"}
{"level":"info","message":"Hit the get single book endpoint","service":"book-service","timestamp":"2025-08-18T19:06:25.056Z"}
{"level":"warn","message":"Book Id missing, please provide the book Id","service":"book-service","timestamp":"2025-08-18T19:06:25.057Z"}
{"level":"info","message":"Connected to RabbitMQ","service":"book-service","timestamp":"2025-08-18T19:06:54.509Z"}
{"level":"info","message":"Waiting for messages with routing key book.deleted","service":"book-service","timestamp":"2025-08-18T19:06:54.522Z"}
{"level":"info","message":"Server running on port 3002","service":"book-service","timestamp":"2025-08-18T19:06:54.528Z"}
{"level":"info","message":"Closing RabbitMQ connection...","service":"book-service","timestamp":"2025-08-18T19:07:10.937Z"}
{"level":"info","message":"Connected to RabbitMQ","service":"book-service","timestamp":"2025-08-18T19:07:19.291Z"}
{"level":"info","message":"Waiting for messages with routing key book.deleted","service":"book-service","timestamp":"2025-08-18T19:07:19.305Z"}
{"level":"info","message":"Server running on port 3002","service":"book-service","timestamp":"2025-08-18T19:07:19.312Z"}
{"level":"info","message":"Database connected successfully","service":"book-service","timestamp":"2025-08-18T19:07:21.319Z"}
{"level":"info","message":"Received GET request to /api/books/get-book/68a379506efed3c706e24cb6","service":"book-service","timestamp":"2025-08-18T19:07:28.573Z"}
{"level":"info","message":"Hit the get single book endpoint","service":"book-service","timestamp":"2025-08-18T19:07:28.577Z"}
{"level":"info","message":"Book Found successfully","service":"book-service","timestamp":"2025-08-18T19:07:28.774Z"}
{"level":"info","message":"Connected to RabbitMQ","service":"book-service","timestamp":"2025-08-18T19:08:44.102Z"}
{"level":"info","message":"Waiting for messages with routing key book.deleted","service":"book-service","timestamp":"2025-08-18T19:08:44.117Z"}
{"level":"info","message":"Server running on port 3002","service":"book-service","timestamp":"2025-08-18T19:08:44.126Z"}
{"level":"info","message":"Database connected successfully","service":"book-service","timestamp":"2025-08-18T19:08:47.140Z"}
{"level":"info","message":"Received DELETE request to /api/books/delete-book/68a379506efed3c706e24cb6","service":"book-service","timestamp":"2025-08-18T19:09:14.516Z"}
{"level":"info","message":"Connected to RabbitMQ","service":"book-service","timestamp":"2025-08-18T19:09:25.609Z"}
{"level":"info","message":"Waiting for messages with routing key book.deleted","service":"book-service","timestamp":"2025-08-18T19:09:25.659Z"}
{"level":"info","message":"Server running on port 3002","service":"book-service","timestamp":"2025-08-18T19:09:25.665Z"}
{"level":"info","message":"Database connected successfully","service":"book-service","timestamp":"2025-08-18T19:09:34.283Z"}
{"level":"info","message":"Received DELETE request to /api/books/delete-book/68a379506efed3c706e24cb6","service":"book-service","timestamp":"2025-08-18T19:09:36.657Z"}
{"level":"info","message":"Delete single book endpoint hit","service":"book-service","timestamp":"2025-08-18T19:09:36.661Z"}
{"level":"info","message":"Published event to RabbitMQ with routing key book.deleted","service":"book-service","timestamp":"2025-08-18T19:09:38.308Z"}
{"level":"info","message":"Book deleted successfully","service":"book-service","timestamp":"2025-08-18T19:09:38.309Z"}
{"0":"h","1":"a","10":"D","11":"e","12":"l","13":"e","14":"t","15":"e","16":"d","17":" ","18":"e","19":"v","2":"n","20":"e","21":"n","22":"t","23":" ","24":"r","25":"e","26":"c","27":"e","28":"i","29":"v","3":"d","30":"e","31":"d","4":"l","5":"e","6":"P","7":"o","8":"s","9":"t","level":"info","message":{"event":{"bookId":"68a379506efed3c706e24cb6","imageId":"mhjxqsaagfg7y55z7j2z"}},"service":"book-service","timestamp":"2025-08-18T19:09:38.333Z"}
{"error":{"http_code":499,"message":"Request Timeout","name":"TimeoutError"},"level":"error","message":"Error while deleting media from cloudinary","service":"book-service","timestamp":"2025-08-18T19:09:43.488Z"}
{"level":"info","message":"Connected to RabbitMQ","service":"book-service","timestamp":"2025-08-18T19:14:11.661Z"}
{"level":"info","message":"Waiting for messages with routing key book.deleted","service":"book-service","timestamp":"2025-08-18T19:14:11.680Z"}
{"level":"info","message":"Server running on port 3002","service":"book-service","timestamp":"2025-08-18T19:14:11.686Z"}
{"level":"info","message":"Database connected successfully","service":"book-service","timestamp":"2025-08-18T19:14:24.870Z"}
{"level":"info","message":"Received GET request to /api/books/delete-book/68a2635db29bd73b2e79b8c5","service":"book-service","timestamp":"2025-08-18T19:15:02.985Z"}
{"level":"info","message":"Received DELETE request to /api/books/delete-book/68a2635db29bd73b2e79b8c5","service":"book-service","timestamp":"2025-08-18T19:15:11.335Z"}
{"level":"info","message":"Delete single book endpoint hit","service":"book-service","timestamp":"2025-08-18T19:15:11.337Z"}
{"level":"info","message":"Published event to RabbitMQ with routing key book.deleted","service":"book-service","timestamp":"2025-08-18T19:15:12.679Z"}
{"level":"info","message":"Book deleted successfully","service":"book-service","timestamp":"2025-08-18T19:15:12.680Z"}
{"0":"h","1":"a","10":"D","11":"e","12":"l","13":"e","14":"t","15":"e","16":"d","17":" ","18":"e","19":"v","2":"n","20":"e","21":"n","22":"t","23":" ","24":"r","25":"e","26":"c","27":"e","28":"i","29":"v","3":"d","30":"e","31":"d","4":"l","5":"e","6":"P","7":"o","8":"s","9":"t","level":"info","message":{"event":{"bookId":"68a2635db29bd73b2e79b8c5","imageId":"uakgggl3opcmm0dbi9yr"}},"service":"book-service","timestamp":"2025-08-18T19:15:12.691Z"}
{"level":"info","message":"Image deleted from Cloudinary: uakgggl3opcmm0dbi9yr","service":"book-service","timestamp":"2025-08-18T19:15:16.158Z"}
{"level":"info","message":"Received GET request to /api/books/get-books","service":"book-service","timestamp":"2025-08-18T19:15:38.013Z"}
{"level":"info","message":"Get all book endpoint hit!","service":"book-service","timestamp":"2025-08-18T19:15:38.014Z"}
{"level":"info","message":"Books found successfully","service":"book-service","timestamp":"2025-08-18T19:15:46.033Z"}
{"level":"info","message":"Received DELETE request to /api/books/delete-book/68a22a8dc94bf1663091a612","service":"book-service","timestamp":"2025-08-18T19:16:12.010Z"}
{"level":"info","message":"Delete single book endpoint hit","service":"book-service","timestamp":"2025-08-18T19:16:12.011Z"}
{"level":"info","message":"Published event to RabbitMQ with routing key book.deleted","service":"book-service","timestamp":"2025-08-18T19:16:52.204Z"}
{"level":"info","message":"Book deleted successfully","service":"book-service","timestamp":"2025-08-18T19:16:52.207Z"}
{"0":"h","1":"a","10":"D","11":"e","12":"l","13":"e","14":"t","15":"e","16":"d","17":" ","18":"e","19":"v","2":"n","20":"e","21":"n","22":"t","23":" ","24":"r","25":"e","26":"c","27":"e","28":"i","29":"v","3":"d","30":"e","31":"d","4":"l","5":"e","6":"P","7":"o","8":"s","9":"t","level":"info","message":{"event":{"bookId":"68a22a8dc94bf1663091a612","imageId":"utqcbb1iqqa5vbpufmsh"}},"service":"book-service","timestamp":"2025-08-18T19:16:52.221Z"}
{"level":"info","message":"Image deleted from Cloudinary: utqcbb1iqqa5vbpufmsh","service":"book-service","timestamp":"2025-08-18T19:16:54.837Z"}
{"level":"info","message":"Received GET request to /api/books/get-books","service":"book-service","timestamp":"2025-08-18T19:17:29.776Z"}
{"level":"info","message":"Get all book endpoint hit!","service":"book-service","timestamp":"2025-08-18T19:17:29.780Z"}
{"level":"info","message":"Received GET request to /api/books/get-book/68a26302ddb571fdfe6a43f1","service":"book-service","timestamp":"2025-08-18T19:17:47.273Z"}
{"level":"info","message":"Hit the get single book endpoint","service":"book-service","timestamp":"2025-08-18T19:17:47.274Z"}
{"level":"info","message":"Book Found successfully","service":"book-service","timestamp":"2025-08-18T19:18:28.803Z"}
{"level":"info","message":"Received DELETE request to /api/books/delete-book/68a26302ddb571fdfe6a43f1","service":"book-service","timestamp":"2025-08-18T19:18:47.978Z"}
{"level":"info","message":"Delete single book endpoint hit","service":"book-service","timestamp":"2025-08-18T19:18:47.980Z"}
{"level":"info","message":"Published event to RabbitMQ with routing key book.deleted","service":"book-service","timestamp":"2025-08-18T19:18:48.181Z"}
{"level":"info","message":"Book deleted successfully","service":"book-service","timestamp":"2025-08-18T19:18:48.182Z"}
{"0":"h","1":"a","10":"D","11":"e","12":"l","13":"e","14":"t","15":"e","16":"d","17":" ","18":"e","19":"v","2":"n","20":"e","21":"n","22":"t","23":" ","24":"r","25":"e","26":"c","27":"e","28":"i","29":"v","3":"d","30":"e","31":"d","4":"l","5":"e","6":"P","7":"o","8":"s","9":"t","level":"info","message":{"event":{"bookId":"68a26302ddb571fdfe6a43f1","imageId":"u21zeqjuuenkpiqkiaef"}},"service":"book-service","timestamp":"2025-08-18T19:18:48.192Z"}
{"level":"info","message":"Image deleted from Cloudinary: u21zeqjuuenkpiqkiaef","service":"book-service","timestamp":"2025-08-18T19:18:50.882Z"}
{"level":"info","message":"Received GET request to /api/books/get-books","service":"book-service","timestamp":"2025-08-18T19:19:14.381Z"}
{"level":"info","message":"Get all book endpoint hit!","service":"book-service","timestamp":"2025-08-18T19:19:14.382Z"}
{"level":"info","message":"Connected to RabbitMQ","service":"book-service","timestamp":"2025-08-18T19:20:31.590Z"}
{"level":"info","message":"Waiting for messages with routing key book.deleted","service":"book-service","timestamp":"2025-08-18T19:20:31.605Z"}
{"level":"info","message":"Server running on port 3002","service":"book-service","timestamp":"2025-08-18T19:20:31.612Z"}
{"level":"info","message":"Database connected successfully","service":"book-service","timestamp":"2025-08-18T19:20:39.192Z"}
{"level":"info","message":"Received DELETE request to /api/books/delete-book/68a22a8dc94bf1663091a612","service":"book-service","timestamp":"2025-08-18T19:20:43.303Z"}
{"level":"info","message":"Delete single book endpoint hit","service":"book-service","timestamp":"2025-08-18T19:20:43.307Z"}
{"level":"warn","message":"Book not found, please provide a valid book id","service":"book-service","timestamp":"2025-08-18T19:20:44.169Z"}
{"level":"info","message":"Received GET request to /api/books/get-book/68a226bb556e62d2d0d09356","service":"book-service","timestamp":"2025-08-18T19:21:07.099Z"}
{"level":"info","message":"Hit the get single book endpoint","service":"book-service","timestamp":"2025-08-18T19:21:07.101Z"}
{"level":"info","message":"Book Found successfully","service":"book-service","timestamp":"2025-08-18T19:21:07.412Z"}
{"level":"info","message":"Received DELETE request to /api/books/delete-book/68a226bb556e62d2d0d09356","service":"book-service","timestamp":"2025-08-18T19:21:17.223Z"}
{"level":"info","message":"Delete single book endpoint hit","service":"book-service","timestamp":"2025-08-18T19:21:17.224Z"}
{"level":"info","message":"Published event to RabbitMQ with routing key book.deleted","service":"book-service","timestamp":"2025-08-18T19:21:18.507Z"}
{"level":"info","message":"Book deleted successfully","service":"book-service","timestamp":"2025-08-18T19:21:18.539Z"}
{"0":"h","1":"a","10":"D","11":"e","12":"l","13":"e","14":"t","15":"e","16":"d","17":" ","18":"e","19":"v","2":"n","20":"e","21":"n","22":"t","23":" ","24":"r","25":"e","26":"c","27":"e","28":"i","29":"v","3":"d","30":"e","31":"d","4":"l","5":"e","6":"P","7":"o","8":"s","9":"t","level":"info","message":{"event":{"bookId":"68a226bb556e62d2d0d09356","imageId":"jw5ugbwsaicg0ikttxms"}},"service":"book-service","timestamp":"2025-08-18T19:21:18.591Z"}
{"level":"error","message":"Error while deleting media from Cloudinary: undefined","publicId":"jw5ugbwsaicg0ikttxms","service":"book-service","timestamp":"2025-08-18T19:21:23.683Z"}
{"level":"error","message":"Error handling post deleted event:undefined","service":"book-service","timestamp":"2025-08-18T19:21:23.685Z"}
{"level":"info","message":"Received GET request to /api/books/get-books","service":"book-service","timestamp":"2025-08-18T19:22:19.537Z"}
{"level":"info","message":"Get all book endpoint hit!","service":"book-service","timestamp":"2025-08-18T19:22:19.550Z"}
{"level":"info","message":"Books found successfully","service":"book-service","timestamp":"2025-08-18T19:22:19.746Z"}
{"level":"info","message":"Received DELETE request to /api/books/delete-book/68a229a0c94bf1663091a610","service":"book-service","timestamp":"2025-08-18T19:22:38.364Z"}
{"level":"info","message":"Delete single book endpoint hit","service":"book-service","timestamp":"2025-08-18T19:22:38.369Z"}
{"level":"info","message":"Published event to RabbitMQ with routing key book.deleted","service":"book-service","timestamp":"2025-08-18T19:22:38.575Z"}
{"0":"h","1":"a","10":"D","11":"e","12":"l","13":"e","14":"t","15":"e","16":"d","17":" ","18":"e","19":"v","2":"n","20":"e","21":"n","22":"t","23":" ","24":"r","25":"e","26":"c","27":"e","28":"i","29":"v","3":"d","30":"e","31":"d","4":"l","5":"e","6":"P","7":"o","8":"s","9":"t","level":"info","message":{"event":{"bookId":"68a229a0c94bf1663091a610","imageId":"qx0j1bwlqwilohskjwz8"}},"service":"book-service","timestamp":"2025-08-18T19:22:38.581Z"}
{"level":"info","message":"Book deleted successfully","service":"book-service","timestamp":"2025-08-18T19:22:38.590Z"}
{"level":"info","message":"Image deleted from Cloudinary: qx0j1bwlqwilohskjwz8","service":"book-service","timestamp":"2025-08-18T19:22:41.333Z"}
{"level":"info","message":"Received GET request to /api/books/get-books","service":"book-service","timestamp":"2025-08-18T19:23:08.895Z"}
{"level":"info","message":"Get all book endpoint hit!","service":"book-service","timestamp":"2025-08-18T19:23:08.896Z"}
{"level":"info","message":"Books found successfully","service":"book-service","timestamp":"2025-08-18T19:23:09.083Z"}
{"level":"info","message":"Received POST request to /api/books/create-book","service":"book-service","timestamp":"2025-08-18T19:23:18.263Z"}
{"level":"warn","message":"Started with the authentication","service":"book-service","timestamp":"2025-08-18T19:23:18.267Z"}
{"level":"info","message":"Hit the create post endpoint","service":"book-service","timestamp":"2025-08-18T19:23:18.287Z"}
{"level":"info","message":"File uploaded successfully with publicId: bva5vmhqcgaavnszfrua","service":"book-service","timestamp":"2025-08-18T19:23:22.646Z"}
{"level":"info","message":"Book saved successfully","service":"book-service","timestamp":"2025-08-18T19:23:24.647Z"}
{"level":"info","message":"Received GET request to /api/books/get-books","service":"book-service","timestamp":"2025-08-18T19:23:31.290Z"}
{"level":"info","message":"Get all book endpoint hit!","service":"book-service","timestamp":"2025-08-18T19:23:31.297Z"}
{"level":"info","message":"Books found successfully","service":"book-service","timestamp":"2025-08-18T19:23:31.471Z"}
{"level":"info","message":"Received GET request to /api/books/get-book/68a2278bc2b0a35ed4a15cef","service":"book-service","timestamp":"2025-08-18T19:23:48.758Z"}
{"level":"info","message":"Hit the get single book endpoint","service":"book-service","timestamp":"2025-08-18T19:23:48.759Z"}
{"level":"info","message":"Book Found successfully","service":"book-service","timestamp":"2025-08-18T19:23:48.935Z"}
{"level":"info","message":"Received DELETE request to /api/books/delete-book/68a2278bc2b0a35ed4a15cef","service":"book-service","timestamp":"2025-08-18T19:23:59.518Z"}
{"level":"info","message":"Delete single book endpoint hit","service":"book-service","timestamp":"2025-08-18T19:23:59.519Z"}
{"level":"info","message":"Published event to RabbitMQ with routing key book.deleted","service":"book-service","timestamp":"2025-08-18T19:23:59.704Z"}
{"0":"h","1":"a","10":"D","11":"e","12":"l","13":"e","14":"t","15":"e","16":"d","17":" ","18":"e","19":"v","2":"n","20":"e","21":"n","22":"t","23":" ","24":"r","25":"e","26":"c","27":"e","28":"i","29":"v","3":"d","30":"e","31":"d","4":"l","5":"e","6":"P","7":"o","8":"s","9":"t","level":"info","message":{"event":{"bookId":"68a2278bc2b0a35ed4a15cef","imageId":"vylzijc7dac2pyri7yov"}},"service":"book-service","timestamp":"2025-08-18T19:23:59.708Z"}
{"level":"info","message":"Book deleted successfully","service":"book-service","timestamp":"2025-08-18T19:23:59.718Z"}
{"level":"info","message":"Image deleted from Cloudinary: vylzijc7dac2pyri7yov","service":"book-service","timestamp":"2025-08-18T19:24:02.161Z"}
{"level":"info","message":"Received GET request to /api/books/get-books","service":"book-service","timestamp":"2025-08-18T19:24:21.990Z"}
{"level":"info","message":"Get all book endpoint hit!","service":"book-service","timestamp":"2025-08-18T19:24:21.991Z"}
{"level":"info","message":"Books found successfully","service":"book-service","timestamp":"2025-08-18T19:24:22.172Z"}
{"level":"info","message":"Received POST request to /api/books/create-book","service":"book-service","timestamp":"2025-08-18T19:24:52.003Z"}
{"level":"warn","message":"Started with the authentication","service":"book-service","timestamp":"2025-08-18T19:24:52.004Z"}
{"level":"info","message":"Hit the create post endpoint","service":"book-service","timestamp":"2025-08-18T19:24:52.008Z"}
{"level":"info","message":"File uploaded successfully with publicId: ifbbdwscdrci7jwvv4ui","service":"book-service","timestamp":"2025-08-18T19:24:56.676Z"}
{"level":"info","message":"Book saved successfully","service":"book-service","timestamp":"2025-08-18T19:24:56.865Z"}
{"level":"info","message":"Received GET request to /api/books/get-books","service":"book-service","timestamp":"2025-08-18T19:25:05.861Z"}
{"level":"info","message":"Get all book endpoint hit!","service":"book-service","timestamp":"2025-08-18T19:25:05.862Z"}
{"level":"info","message":"Books found successfully","service":"book-service","timestamp":"2025-08-18T19:25:06.047Z"}
{"level":"info","message":"Received DELETE request to /api/books/delete-book/68a37e080197f6b745ee2056","service":"book-service","timestamp":"2025-08-18T19:25:19.545Z"}
{"level":"info","message":"Delete single book endpoint hit","service":"book-service","timestamp":"2025-08-18T19:25:19.546Z"}
{"level":"info","message":"Published event to RabbitMQ with routing key book.deleted","service":"book-service","timestamp":"2025-08-18T19:25:19.742Z"}
{"0":"h","1":"a","10":"D","11":"e","12":"l","13":"e","14":"t","15":"e","16":"d","17":" ","18":"e","19":"v","2":"n","20":"e","21":"n","22":"t","23":" ","24":"r","25":"e","26":"c","27":"e","28":"i","29":"v","3":"d","30":"e","31":"d","4":"l","5":"e","6":"P","7":"o","8":"s","9":"t","level":"info","message":{"event":{"bookId":"68a37e080197f6b745ee2056","imageId":"ifbbdwscdrci7jwvv4ui"}},"service":"book-service","timestamp":"2025-08-18T19:25:19.746Z"}
{"level":"info","message":"Book deleted successfully","service":"book-service","timestamp":"2025-08-18T19:25:19.757Z"}
{"level":"info","message":"Image deleted from Cloudinary: ifbbdwscdrci7jwvv4ui","service":"book-service","timestamp":"2025-08-18T19:25:22.998Z"}
{"level":"info","message":"Received POST request to /api/books/create-book","service":"book-service","timestamp":"2025-08-18T19:32:09.747Z"}
{"level":"warn","message":"Started with the authentication","service":"book-service","timestamp":"2025-08-18T19:32:09.749Z"}
{"level":"info","message":"Hit the create post endpoint","service":"book-service","timestamp":"2025-08-18T19:32:09.757Z"}
{"level":"info","message":"File uploaded successfully with publicId: utdgmstalajy1imew2hh","service":"book-service","timestamp":"2025-08-18T19:32:15.845Z"}
{"level":"info","message":"Book saved successfully","service":"book-service","timestamp":"2025-08-18T19:32:16.063Z"}
{"level":"info","message":"Received POST request to /api/books/create-book","service":"book-service","timestamp":"2025-08-18T19:32:36.737Z"}
{"level":"warn","message":"Started with the authentication","service":"book-service","timestamp":"2025-08-18T19:32:36.741Z"}
{"level":"info","message":"Hit the create post endpoint","service":"book-service","timestamp":"2025-08-18T19:32:36.783Z"}
{"level":"info","message":"\"rating\" must be less than or equal to 5","service":"book-service","timestamp":"2025-08-18T19:32:36.798Z"}
{"level":"info","message":"Received POST request to /api/books/create-book","service":"book-service","timestamp":"2025-08-18T19:32:44.963Z"}
{"level":"warn","message":"Started with the authentication","service":"book-service","timestamp":"2025-08-18T19:32:44.967Z"}
{"level":"info","message":"Hit the create post endpoint","service":"book-service","timestamp":"2025-08-18T19:32:45.012Z"}
{"level":"info","message":"File uploaded successfully with publicId: dkrjajjwlqjnxuqlmmuw","service":"book-service","timestamp":"2025-08-18T19:32:49.633Z"}
{"level":"info","message":"Book saved successfully","service":"book-service","timestamp":"2025-08-18T19:32:49.869Z"}
{"level":"info","message":"Received GET request to /api/books/get-books","service":"book-service","timestamp":"2025-08-18T19:32:56.117Z"}
{"level":"info","message":"Get all book endpoint hit!","service":"book-service","timestamp":"2025-08-18T19:32:56.118Z"}
{"level":"info","message":"Books found successfully","service":"book-service","timestamp":"2025-08-18T19:32:56.347Z"}
{"level":"info","message":"Received GET request to /api/books/get-books","service":"book-service","timestamp":"2025-08-18T19:33:06.171Z"}
{"level":"info","message":"Get all book endpoint hit!","service":"book-service","timestamp":"2025-08-18T19:33:06.193Z"}
{"level":"info","message":"Received GET request to /api/books/get-books","service":"book-service","timestamp":"2025-08-18T19:33:15.428Z"}
{"level":"info","message":"Get all book endpoint hit!","service":"book-service","timestamp":"2025-08-18T19:33:15.432Z"}
{"level":"info","message":"Received GET request to /api/books/get-books","service":"book-service","timestamp":"2025-08-18T19:33:18.678Z"}
{"level":"info","message":"Get all book endpoint hit!","service":"book-service","timestamp":"2025-08-18T19:33:18.683Z"}
{"level":"info","message":"Received GET request to /api/books/get-books","service":"book-service","timestamp":"2025-08-18T19:33:26.611Z"}
{"level":"info","message":"Get all book endpoint hit!","service":"book-service","timestamp":"2025-08-18T19:33:26.611Z"}
{"level":"info","message":"Received GET request to /api/books/get-books","service":"book-service","timestamp":"2025-08-18T19:33:37.105Z"}
{"level":"info","message":"Get all book endpoint hit!","service":"book-service","timestamp":"2025-08-18T19:33:37.119Z"}
{"level":"info","message":"Received GET request to /api/books/get-book/68a37fbf0197f6b745ee205a","service":"book-service","timestamp":"2025-08-18T19:33:58.086Z"}
{"level":"info","message":"Hit the get single book endpoint","service":"book-service","timestamp":"2025-08-18T19:33:58.087Z"}
{"level":"info","message":"Book Found successfully","service":"book-service","timestamp":"2025-08-18T19:33:58.253Z"}
{"level":"info","message":"Received GET request to /api/books/get-book/68a37fbf0197f6b745ee205a","service":"book-service","timestamp":"2025-08-18T19:34:21.598Z"}
{"level":"info","message":"Hit the get single book endpoint","service":"book-service","timestamp":"2025-08-18T19:34:21.600Z"}
{"level":"info","message":"Book Found successfully","service":"book-service","timestamp":"2025-08-18T19:34:21.901Z"}
{"level":"info","message":"Received GET request to /api/books/get-book/68a37fbf0197f6b745ee205a","service":"book-service","timestamp":"2025-08-18T19:34:26.211Z"}
{"level":"info","message":"Hit the get single book endpoint","service":"book-service","timestamp":"2025-08-18T19:34:26.214Z"}
{"level":"info","message":"Book Found successfully","service":"book-service","timestamp":"2025-08-18T19:34:26.402Z"}
{"level":"info","message":"Received DELETE request to /api/books/delete-book/68a37fbf0197f6b745ee205a","service":"book-service","timestamp":"2025-08-18T19:34:44.063Z"}
{"level":"info","message":"Delete single book endpoint hit","service":"book-service","timestamp":"2025-08-18T19:34:44.065Z"}
{"level":"info","message":"Published event to RabbitMQ with routing key book.deleted","service":"book-service","timestamp":"2025-08-18T19:34:44.320Z"}
{"level":"info","message":"Book deleted successfully","service":"book-service","timestamp":"2025-08-18T19:34:44.333Z"}
{"0":"h","1":"a","10":"D","11":"e","12":"l","13":"e","14":"t","15":"e","16":"d","17":" ","18":"e","19":"v","2":"n","20":"e","21":"n","22":"t","23":" ","24":"r","25":"e","26":"c","27":"e","28":"i","29":"v","3":"d","30":"e","31":"d","4":"l","5":"e","6":"P","7":"o","8":"s","9":"t","level":"info","message":{"event":{"bookId":"68a37fbf0197f6b745ee205a","imageId":"utdgmstalajy1imew2hh"}},"service":"book-service","timestamp":"2025-08-18T19:34:44.351Z"}
{"level":"info","message":"Image deleted from Cloudinary: utdgmstalajy1imew2hh","service":"book-service","timestamp":"2025-08-18T19:34:46.859Z"}
{"level":"info","message":"Received GET request to /api/books/get-book/68a37fbf0197f6b745ee205a","service":"book-service","timestamp":"2025-08-18T19:35:13.737Z"}
{"level":"info","message":"Hit the get single book endpoint","service":"book-service","timestamp":"2025-08-18T19:35:13.739Z"}
{"level":"warn","message":"Book not found, please try again!","service":"book-service","timestamp":"2025-08-18T19:35:13.916Z"}
{"level":"info","message":"Received GET request to /api/books/get-books","service":"book-service","timestamp":"2025-08-18T19:35:21.843Z"}
{"level":"info","message":"Get all book endpoint hit!","service":"book-service","timestamp":"2025-08-18T19:35:21.857Z"}
{"level":"info","message":"Books found successfully","service":"book-service","timestamp":"2025-08-18T19:35:22.107Z"}
{"level":"info","message":"Received GET request to /api/books/get-books","service":"book-service","timestamp":"2025-08-18T19:35:29.314Z"}
{"level":"info","message":"Get all book endpoint hit!","service":"book-service","timestamp":"2025-08-18T19:35:29.324Z"}
{"level":"info","message":"Received GET request to /api/books/get-books","service":"book-service","timestamp":"2025-08-18T19:35:32.402Z"}
{"level":"info","message":"Get all book endpoint hit!","service":"book-service","timestamp":"2025-08-18T19:35:32.404Z"}
{"level":"info","message":"Connected to RabbitMQ","service":"book-service","timestamp":"2025-08-18T19:47:50.840Z"}
{"level":"info","message":"Connected to RabbitMQ","service":"book-service","timestamp":"2025-08-19T13:24:56.419Z"}
{"level":"info","message":"Waiting for messages with routing key book.deleted","service":"book-service","timestamp":"2025-08-19T13:24:56.435Z"}
{"level":"info","message":"Server running on port 3002","service":"book-service","timestamp":"2025-08-19T13:24:56.441Z"}
{"level":"info","message":"Database connected successfully","service":"book-service","timestamp":"2025-08-19T13:25:09.893Z"}
{"level":"info","message":"Received GET request to /api/books/get-books","service":"book-service","timestamp":"2025-08-19T13:25:58.956Z"}
{"level":"info","message":"Get all book endpoint hit!","service":"book-service","timestamp":"2025-08-19T13:25:58.962Z"}
{"level":"error","message":"Error occurred while getting all books MissingSchemaError: Schema hasn't been registered for model \"User\".\nUse mongoose.model(name, schema)","service":"book-service","timestamp":"2025-08-19T13:26:01.008Z"}
{"level":"info","message":"Connected to RabbitMQ","service":"book-service","timestamp":"2025-08-19T13:34:42.688Z"}
{"level":"info","message":"Waiting for messages with routing key book.deleted","service":"book-service","timestamp":"2025-08-19T13:34:42.941Z"}
{"level":"info","message":"Server running on port 3002","service":"book-service","timestamp":"2025-08-19T13:34:42.956Z"}
{"level":"info","message":"Database connected successfully","service":"book-service","timestamp":"2025-08-19T13:34:45.215Z"}
{"level":"info","message":"Connected to RabbitMQ","service":"book-service","timestamp":"2025-08-19T13:37:03.041Z"}
{"level":"info","message":"Waiting for messages with routing key book.deleted","service":"book-service","timestamp":"2025-08-19T13:37:03.060Z"}
{"level":"info","message":"Server running on port 3002","service":"book-service","timestamp":"2025-08-19T13:37:03.070Z"}
{"level":"info","message":"Database connected successfully","service":"book-service","timestamp":"2025-08-19T13:37:05.537Z"}
{"level":"info","message":"Connected to RabbitMQ","service":"book-service","timestamp":"2025-08-19T13:38:45.299Z"}
{"level":"info","message":"Waiting for messages with routing key book.deleted","service":"book-service","timestamp":"2025-08-19T13:38:45.333Z"}
{"level":"info","message":"Server running on port 3002","service":"book-service","timestamp":"2025-08-19T13:38:45.340Z"}
{"level":"info","message":"Database connected successfully","service":"book-service","timestamp":"2025-08-19T13:38:48.211Z"}
{"level":"info","message":"Closing RabbitMQ connection...","service":"book-service","timestamp":"2025-08-19T13:41:12.133Z"}
{"level":"info","message":"Connected to RabbitMQ","service":"book-service","timestamp":"2025-08-19T13:54:08.547Z"}
{"level":"info","message":"Waiting for messages with routing key book.deleted","service":"book-service","timestamp":"2025-08-19T13:54:08.561Z"}
{"level":"info","message":"Server running on port 3002","service":"book-service","timestamp":"2025-08-19T13:54:08.573Z"}
{"level":"info","message":"Database connected successfully","service":"book-service","timestamp":"2025-08-19T13:54:11.979Z"}
{"level":"info","message":"Received GET request to /api/books/get-books","service":"book-service","timestamp":"2025-08-19T13:54:29.444Z"}
{"level":"warn","message":"Started with the authentication","service":"book-service","timestamp":"2025-08-19T13:54:29.447Z"}
{"level":"info","message":"Get all book endpoint hit!","service":"book-service","timestamp":"2025-08-19T13:54:29.450Z"}
{"level":"error","message":"Error occurred while getting all books AxiosError: Request failed with status code 404","service":"book-service","timestamp":"2025-08-19T13:54:29.946Z"}
{"level":"info","message":"Received GET request to /api/books/get-books","service":"book-service","timestamp":"2025-08-19T13:56:55.228Z"}
{"level":"warn","message":"Started with the authentication","service":"book-service","timestamp":"2025-08-19T13:56:55.230Z"}
{"level":"info","message":"Get all book endpoint hit!","service":"book-service","timestamp":"2025-08-19T13:56:55.234Z"}
{"level":"error","message":"Error occurred while getting all books AxiosError: Request failed with status code 404","service":"book-service","timestamp":"2025-08-19T13:56:55.568Z"}
{"level":"info","message":"Connected to RabbitMQ","service":"book-service","timestamp":"2025-08-19T14:01:41.622Z"}
{"level":"info","message":"Waiting for messages with routing key book.deleted","service":"book-service","timestamp":"2025-08-19T14:01:41.663Z"}
{"level":"info","message":"Server running on port 3002","service":"book-service","timestamp":"2025-08-19T14:01:41.680Z"}
{"level":"info","message":"Database connected successfully","service":"book-service","timestamp":"2025-08-19T14:01:44.990Z"}
{"level":"info","message":"Received GET request to /api/books/get-books","service":"book-service","timestamp":"2025-08-19T14:01:47.295Z"}
{"level":"warn","message":"Started with the authentication","service":"book-service","timestamp":"2025-08-19T14:01:47.318Z"}
{"level":"info","message":"Get all book endpoint hit!","service":"book-service","timestamp":"2025-08-19T14:01:47.394Z"}
{"level":"info","message":"Books found successfully","service":"book-service","timestamp":"2025-08-19T14:01:48.096Z"}
{"level":"info","message":"Received GET request to /api/books/get-books","service":"book-service","timestamp":"2025-08-19T14:01:56.251Z"}
{"level":"warn","message":"Started with the authentication","service":"book-service","timestamp":"2025-08-19T14:01:56.262Z"}
{"level":"info","message":"Get all book endpoint hit!","service":"book-service","timestamp":"2025-08-19T14:01:56.273Z"}
{"level":"info","message":"Received GET request to /api/books/get-books","service":"book-service","timestamp":"2025-08-19T14:02:31.920Z"}
{"level":"warn","message":"Started with the authentication","service":"book-service","timestamp":"2025-08-19T14:02:31.936Z"}
{"level":"info","message":"Get all book endpoint hit!","service":"book-service","timestamp":"2025-08-19T14:02:31.952Z"}
{"level":"info","message":"Received GET request to /api/books/get-books","service":"book-service","timestamp":"2025-08-19T14:02:35.313Z"}
{"level":"warn","message":"Started with the authentication","service":"book-service","timestamp":"2025-08-19T14:02:35.320Z"}
{"level":"info","message":"Get all book endpoint hit!","service":"book-service","timestamp":"2025-08-19T14:02:35.326Z"}
{"level":"info","message":"Received GET request to /api/books/get-books","service":"book-service","timestamp":"2025-08-19T14:03:32.014Z"}
{"level":"warn","message":"Started with the authentication","service":"book-service","timestamp":"2025-08-19T14:03:32.015Z"}
{"level":"info","message":"Get all book endpoint hit!","service":"book-service","timestamp":"2025-08-19T14:03:32.015Z"}
{"level":"info","message":"Received POST request to /api/books/create-book","service":"book-service","timestamp":"2025-08-19T14:04:16.315Z"}
{"level":"warn","message":"Started with the authentication","service":"book-service","timestamp":"2025-08-19T14:04:16.316Z"}
{"level":"info","message":"Hit the create post endpoint","service":"book-service","timestamp":"2025-08-19T14:04:16.343Z"}
{"level":"info","message":"File uploaded successfully with publicId: fhzkcb3pdjl7wxwvy7i0","service":"book-service","timestamp":"2025-08-19T14:04:21.243Z"}
{"level":"info","message":"Book saved successfully","service":"book-service","timestamp":"2025-08-19T14:04:21.455Z"}
{"level":"info","message":"Received GET request to /api/books/get-books","service":"book-service","timestamp":"2025-08-19T14:04:33.104Z"}
{"level":"warn","message":"Started with the authentication","service":"book-service","timestamp":"2025-08-19T14:04:33.105Z"}
{"level":"info","message":"Get all book endpoint hit!","service":"book-service","timestamp":"2025-08-19T14:04:33.109Z"}
{"level":"info","message":"Books found successfully","service":"book-service","timestamp":"2025-08-19T14:04:33.884Z"}
{"level":"info","message":"Received GET request to /api/books/get-books","service":"book-service","timestamp":"2025-08-19T14:04:53.776Z"}
{"level":"warn","message":"Started with the authentication","service":"book-service","timestamp":"2025-08-19T14:04:53.789Z"}
{"level":"info","message":"Get all book endpoint hit!","service":"book-service","timestamp":"2025-08-19T14:04:53.803Z"}
{"level":"info","message":"Received GET request to /api/books/get-books","service":"book-service","timestamp":"2025-08-19T14:04:58.603Z"}
{"level":"warn","message":"Started with the authentication","service":"book-service","timestamp":"2025-08-19T14:04:58.606Z"}
{"level":"info","message":"Get all book endpoint hit!","service":"book-service","timestamp":"2025-08-19T14:04:58.624Z"}
{"level":"info","message":"Received GET request to /api/books/get-books","service":"book-service","timestamp":"2025-08-19T14:05:02.301Z"}
{"level":"warn","message":"Started with the authentication","service":"book-service","timestamp":"2025-08-19T14:05:02.308Z"}
{"level":"info","message":"Get all book endpoint hit!","service":"book-service","timestamp":"2025-08-19T14:05:02.311Z"}
{"level":"info","message":"Received GET request to /api/books/get-books","service":"book-service","timestamp":"2025-08-19T14:17:44.345Z"}
{"level":"warn","message":"Started with the authentication","service":"book-service","timestamp":"2025-08-19T14:17:44.346Z"}
{"level":"info","message":"Get all book endpoint hit!","service":"book-service","timestamp":"2025-08-19T14:17:44.347Z"}
{"level":"info","message":"Books found successfully","service":"book-service","timestamp":"2025-08-19T14:17:44.755Z"}
{"level":"info","message":"Received GET request to /api/books/get-books","service":"book-service","timestamp":"2025-08-19T14:17:49.602Z"}
{"level":"warn","message":"Started with the authentication","service":"book-service","timestamp":"2025-08-19T14:17:49.603Z"}
{"level":"info","message":"Get all book endpoint hit!","service":"book-service","timestamp":"2025-08-19T14:17:49.625Z"}
{"level":"info","message":"Received GET request to /api/books/get-book/68a37daa0197f6b745ee2050","service":"book-service","timestamp":"2025-08-19T14:21:35.147Z"}
{"level":"warn","message":"Started with the authentication","service":"book-service","timestamp":"2025-08-19T14:21:35.148Z"}
{"level":"info","message":"Hit the get single book endpoint","service":"book-service","timestamp":"2025-08-19T14:21:35.150Z"}
{"level":"info","message":"Book Found successfully","service":"book-service","timestamp":"2025-08-19T14:21:37.730Z"}
{"level":"info","message":"Connected to RabbitMQ","service":"book-service","timestamp":"2025-08-19T14:27:47.785Z"}
{"level":"info","message":"Waiting for messages with routing key book.deleted","service":"book-service","timestamp":"2025-08-19T14:27:47.800Z"}
{"level":"info","message":"Server running on port 3002","service":"book-service","timestamp":"2025-08-19T14:27:47.806Z"}
{"level":"info","message":"Database connected successfully","service":"book-service","timestamp":"2025-08-19T14:27:50.424Z"}
{"level":"info","message":"Connected to RabbitMQ","service":"book-service","timestamp":"2025-08-19T14:28:19.801Z"}
{"level":"info","message":"Waiting for messages with routing key book.deleted","service":"book-service","timestamp":"2025-08-19T14:28:19.815Z"}
{"level":"info","message":"Server running on port 3002","service":"book-service","timestamp":"2025-08-19T14:28:19.828Z"}
{"level":"info","message":"Database connected successfully","service":"book-service","timestamp":"2025-08-19T14:28:22.366Z"}
{"level":"info","message":"Connected to RabbitMQ","service":"book-service","timestamp":"2025-08-19T14:28:52.713Z"}
{"level":"info","message":"Waiting for messages with routing key book.deleted","service":"book-service","timestamp":"2025-08-19T14:28:52.729Z"}
{"level":"info","message":"Server running on port 3002","service":"book-service","timestamp":"2025-08-19T14:28:52.738Z"}
{"level":"info","message":"Connected to RabbitMQ","service":"book-service","timestamp":"2025-08-19T14:28:56.039Z"}
{"level":"info","message":"Waiting for messages with routing key book.deleted","service":"book-service","timestamp":"2025-08-19T14:28:56.070Z"}
{"level":"info","message":"Server running on port 3002","service":"book-service","timestamp":"2025-08-19T14:28:56.075Z"}
{"level":"info","message":"Database connected successfully","service":"book-service","timestamp":"2025-08-19T14:28:58.828Z"}
{"level":"info","message":"Connected to RabbitMQ","service":"book-service","timestamp":"2025-08-19T14:43:19.265Z"}
{"level":"info","message":"Waiting for messages with routing key book.deleted","service":"book-service","timestamp":"2025-08-19T14:43:19.278Z"}
{"level":"info","message":"Server running on port 3002","service":"book-service","timestamp":"2025-08-19T14:43:19.284Z"}
{"level":"info","message":"Database connected successfully","service":"book-service","timestamp":"2025-08-19T14:43:22.349Z"}
{"level":"info","message":"Connected to RabbitMQ","service":"book-service","timestamp":"2025-08-19T14:43:35.262Z"}
{"level":"info","message":"Waiting for messages with routing key book.deleted","service":"book-service","timestamp":"2025-08-19T14:43:35.274Z"}
{"level":"info","message":"Server running on port 3002","service":"book-service","timestamp":"2025-08-19T14:43:35.282Z"}
{"level":"info","message":"Database connected successfully","service":"book-service","timestamp":"2025-08-19T14:43:37.711Z"}
{"level":"info","message":"Connected to RabbitMQ","service":"book-service","timestamp":"2025-08-19T14:43:44.353Z"}
{"level":"info","message":"Waiting for messages with routing key book.deleted","service":"book-service","timestamp":"2025-08-19T14:43:44.389Z"}
{"level":"info","message":"Server running on port 3002","service":"book-service","timestamp":"2025-08-19T14:43:44.407Z"}
{"level":"info","message":"Database connected successfully","service":"book-service","timestamp":"2025-08-19T14:43:46.623Z"}
{"level":"info","message":"Received DELETE request to /api/books/delete-book/68a37daa0197f6b745ee2050","service":"book-service","timestamp":"2025-08-19T14:46:11.019Z"}
{"level":"warn","message":"Started with the authentication","service":"book-service","timestamp":"2025-08-19T14:46:11.029Z"}
{"level":"info","message":"Delete single book endpoint hit","service":"book-service","timestamp":"2025-08-19T14:46:11.031Z"}
{"level":"warn","message":"You are not authorized to delete this book","service":"book-service","timestamp":"2025-08-19T14:46:11.257Z"}
{"level":"info","message":"Received DELETE request to /api/books/delete-book/68a37daa0197f6b745ee2050","service":"book-service","timestamp":"2025-08-19T14:47:10.892Z"}
{"level":"warn","message":"Started with the authentication","service":"book-service","timestamp":"2025-08-19T14:47:10.902Z"}
{"level":"info","message":"Delete single book endpoint hit","service":"book-service","timestamp":"2025-08-19T14:47:10.913Z"}
{"level":"warn","message":"Book not found, please provide a valid book id","service":"book-service","timestamp":"2025-08-19T14:47:11.218Z"}
{"level":"info","message":"Received GET request to /api/books/get-book/68a37daa0197f6b745ee2050","service":"book-service","timestamp":"2025-08-19T14:47:26.615Z"}
{"level":"warn","message":"Started with the authentication","service":"book-service","timestamp":"2025-08-19T14:47:26.617Z"}
{"level":"info","message":"Hit the get single book endpoint","service":"book-service","timestamp":"2025-08-19T14:47:26.620Z"}
{"level":"warn","message":"Book not found, please try again!","service":"book-service","timestamp":"2025-08-19T14:47:26.879Z"}
{"level":"info","message":"Received GET request to /api/books/get-books","service":"book-service","timestamp":"2025-08-19T14:47:38.896Z"}
{"level":"warn","message":"Started with the authentication","service":"book-service","timestamp":"2025-08-19T14:47:38.946Z"}
{"level":"info","message":"Get all book endpoint hit!","service":"book-service","timestamp":"2025-08-19T14:47:38.960Z"}
{"level":"info","message":"Books found successfully","service":"book-service","timestamp":"2025-08-19T14:47:39.500Z"}
{"level":"info","message":"Received DELETE request to /api/books/delete-book/68a4846580044ada525cbad0","service":"book-service","timestamp":"2025-08-19T14:47:53.241Z"}
{"level":"warn","message":"Started with the authentication","service":"book-service","timestamp":"2025-08-19T14:47:53.244Z"}
{"level":"info","message":"Delete single book endpoint hit","service":"book-service","timestamp":"2025-08-19T14:47:53.246Z"}
{"level":"info","message":"Published event to RabbitMQ with routing key book.deleted","service":"book-service","timestamp":"2025-08-19T14:47:53.417Z"}
{"0":"h","1":"a","10":"D","11":"e","12":"l","13":"e","14":"t","15":"e","16":"d","17":" ","18":"e","19":"v","2":"n","20":"e","21":"n","22":"t","23":" ","24":"r","25":"e","26":"c","27":"e","28":"i","29":"v","3":"d","30":"e","31":"d","4":"l","5":"e","6":"P","7":"o","8":"s","9":"t","level":"info","message":{"event":{"bookId":"68a4846580044ada525cbad0","imageId":"fhzkcb3pdjl7wxwvy7i0"}},"service":"book-service","timestamp":"2025-08-19T14:47:53.446Z"}
{"level":"info","message":"Book deleted successfully","service":"book-service","timestamp":"2025-08-19T14:47:53.570Z"}
{"level":"info","message":"Image deleted from Cloudinary: fhzkcb3pdjl7wxwvy7i0","service":"book-service","timestamp":"2025-08-19T14:47:56.265Z"}
{"level":"info","message":"Connected to RabbitMQ","service":"book-service","timestamp":"2025-08-19T14:49:18.161Z"}
{"level":"info","message":"Waiting for messages with routing key book.deleted","service":"book-service","timestamp":"2025-08-19T14:49:18.197Z"}
{"level":"info","message":"Server running on port 3002","service":"book-service","timestamp":"2025-08-19T14:49:18.214Z"}
{"level":"info","message":"Database connected successfully","service":"book-service","timestamp":"2025-08-19T14:49:21.877Z"}
{"level":"info","message":"Connected to RabbitMQ","service":"book-service","timestamp":"2025-08-19T14:52:53.507Z"}
{"level":"info","message":"Waiting for messages with routing key book.deleted","service":"book-service","timestamp":"2025-08-19T14:52:53.546Z"}
{"level":"info","message":"Server running on port 3002","service":"book-service","timestamp":"2025-08-19T14:52:53.567Z"}
{"level":"info","message":"Database connected successfully","service":"book-service","timestamp":"2025-08-19T14:52:55.628Z"}
{"level":"info","message":"Connected to RabbitMQ","service":"book-service","timestamp":"2025-08-19T14:53:55.068Z"}
{"level":"info","message":"Waiting for messages with routing key book.deleted","service":"book-service","timestamp":"2025-08-19T14:53:55.124Z"}
{"level":"info","message":"Server running on port 3002","service":"book-service","timestamp":"2025-08-19T14:53:55.133Z"}
{"level":"info","message":"Database connected successfully","service":"book-service","timestamp":"2025-08-19T14:53:58.418Z"}
{"level":"info","message":"Connected to RabbitMQ","service":"book-service","timestamp":"2025-08-19T14:55:16.935Z"}
{"level":"info","message":"Waiting for messages with routing key book.deleted","service":"book-service","timestamp":"2025-08-19T14:55:16.962Z"}
{"level":"info","message":"Server running on port 3002","service":"book-service","timestamp":"2025-08-19T14:55:16.972Z"}
{"level":"info","message":"Database connected successfully","service":"book-service","timestamp":"2025-08-19T14:55:19.964Z"}
{"level":"info","message":"Connected to RabbitMQ","service":"book-service","timestamp":"2025-08-19T14:57:08.946Z"}
{"level":"info","message":"Waiting for messages with routing key book.deleted","service":"book-service","timestamp":"2025-08-19T14:57:08.965Z"}
{"level":"info","message":"Server running on port 3002","service":"book-service","timestamp":"2025-08-19T14:57:08.978Z"}
{"level":"info","message":"Database connected successfully","service":"book-service","timestamp":"2025-08-19T14:57:11.781Z"}
{"level":"info","message":"Connected to RabbitMQ","service":"book-service","timestamp":"2025-08-19T14:58:42.176Z"}
{"level":"info","message":"Waiting for messages with routing key book.deleted","service":"book-service","timestamp":"2025-08-19T14:58:42.342Z"}
{"level":"info","message":"Server running on port 3002","service":"book-service","timestamp":"2025-08-19T14:58:42.347Z"}
{"level":"info","message":"Database connected successfully","service":"book-service","timestamp":"2025-08-19T14:58:44.962Z"}
{"level":"info","message":"Connected to RabbitMQ","service":"book-service","timestamp":"2025-08-19T14:59:37.240Z"}
{"level":"info","message":"Waiting for messages with routing key book.deleted","service":"book-service","timestamp":"2025-08-19T14:59:37.254Z"}
{"level":"info","message":"Server running on port 3002","service":"book-service","timestamp":"2025-08-19T14:59:37.261Z"}
{"level":"info","message":"Database connected successfully","service":"book-service","timestamp":"2025-08-19T14:59:39.642Z"}
{"level":"info","message":"Connected to RabbitMQ","service":"book-service","timestamp":"2025-08-19T15:00:06.986Z"}
{"level":"info","message":"Waiting for messages with routing key book.deleted","service":"book-service","timestamp":"2025-08-19T15:00:07.001Z"}
{"level":"info","message":"Server running on port 3002","service":"book-service","timestamp":"2025-08-19T15:00:07.007Z"}
{"level":"info","message":"Database connected successfully","service":"book-service","timestamp":"2025-08-19T15:00:09.763Z"}
{"level":"info","message":"Connected to RabbitMQ","service":"book-service","timestamp":"2025-08-19T15:07:34.621Z"}
{"level":"info","message":"Waiting for messages with routing key book.deleted","service":"book-service","timestamp":"2025-08-19T15:07:34.690Z"}
{"level":"info","message":"Server running on port 3002","service":"book-service","timestamp":"2025-08-19T15:07:34.695Z"}
{"level":"info","message":"Database connected successfully","service":"book-service","timestamp":"2025-08-19T15:07:37.430Z"}
{"level":"info","message":"Connected to RabbitMQ","service":"book-service","timestamp":"2025-08-19T15:10:51.334Z"}
{"level":"info","message":"Waiting for messages with routing key book.deleted","service":"book-service","timestamp":"2025-08-19T15:10:51.371Z"}
{"level":"info","message":"Server running on port 3002","service":"book-service","timestamp":"2025-08-19T15:10:51.399Z"}
{"level":"info","message":"Database connected successfully","service":"book-service","timestamp":"2025-08-19T15:10:54.417Z"}
{"level":"info","message":"Connected to RabbitMQ","service":"book-service","timestamp":"2025-08-19T15:11:51.860Z"}
{"level":"info","message":"Waiting for messages with routing key book.deleted","service":"book-service","timestamp":"2025-08-19T15:11:51.876Z"}
{"level":"info","message":"Server running on port 3002","service":"book-service","timestamp":"2025-08-19T15:11:51.886Z"}
{"level":"info","message":"Database connected successfully","service":"book-service","timestamp":"2025-08-19T15:12:12.880Z"}
{"level":"info","message":"Connected to RabbitMQ","service":"book-service","timestamp":"2025-08-19T15:13:43.895Z"}
{"level":"info","message":"Waiting for messages with routing key book.deleted","service":"book-service","timestamp":"2025-08-19T15:13:43.925Z"}
{"level":"info","message":"Server running on port 3002","service":"book-service","timestamp":"2025-08-19T15:13:43.933Z"}
{"level":"info","message":"Database connected successfully","service":"book-service","timestamp":"2025-08-19T15:14:08.016Z"}
{"level":"info","message":"Connected to RabbitMQ","service":"book-service","timestamp":"2025-08-19T15:14:21.017Z"}
{"level":"info","message":"Waiting for messages with routing key book.deleted","service":"book-service","timestamp":"2025-08-19T15:14:21.080Z"}
{"level":"info","message":"Server running on port 3002","service":"book-service","timestamp":"2025-08-19T15:14:21.097Z"}
{"level":"info","message":"Database connected successfully","service":"book-service","timestamp":"2025-08-19T15:14:54.242Z"}
{"level":"info","message":"Received GET request to /api/books/mybook","service":"book-service","timestamp":"2025-08-19T15:15:44.733Z"}
{"level":"info","message":"Received GET request to /api/books/mybooks","service":"book-service","timestamp":"2025-08-19T15:15:54.504Z"}
{"level":"warn","message":"Started with the authentication","service":"book-service","timestamp":"2025-08-19T15:15:54.519Z"}
{"level":"info","message":"Books found successfully","service":"book-service","timestamp":"2025-08-19T15:15:54.798Z"}
{"level":"info","message":"Received GET request to /api/books/get-books","service":"book-service","timestamp":"2025-08-19T15:16:17.382Z"}
{"level":"warn","message":"Started with the authentication","service":"book-service","timestamp":"2025-08-19T15:16:17.384Z"}
{"level":"info","message":"Get all book endpoint hit!","service":"book-service","timestamp":"2025-08-19T15:16:17.386Z"}
{"level":"info","message":"Books found successfully","service":"book-service","timestamp":"2025-08-19T15:16:17.971Z"}
